#
# There is insufficient memory for the Java Runtime Environment to continue.
# Native memory allocation (malloc) failed to allocate 1121456 bytes for Chunk::new
# Possible reasons:
#   The system is out of physical RAM or swap space
#   The process is running with CompressedOops enabled, and the Java Heap may be blocking the growth of the native heap
# Possible solutions:
#   Reduce memory load on the system
#   Increase physical memory or swap space
#   Check if swap backing store is full
#   Decrease Java heap size (-Xmx/-Xms)
#   Decrease number of Java threads
#   Decrease Java thread stack sizes (-Xss)
#   Set larger code cache with -XX:ReservedCodeCacheSize=
#   JVM is running with Zero Based Compressed Oops mode in which the Java heap is
#     placed in the first 32GB address space. The Java Heap base address is the
#     maximum limit for the native heap growth. Please use -XX:HeapBaseMinAddress
#     to set the Java Heap base and to place the Java Heap above 32GB virtual address.
# This output file may be truncated or incomplete.
#
#  Out of Memory Error (arena.cpp:189), pid=30248, tid=26796
#
# JRE version: Java(TM) SE Runtime Environment (17.0.5+9) (build 17.0.5+9-LTS-191)
# Java VM: Java HotSpot(TM) 64-Bit Server VM (17.0.5+9-LTS-191, mixed mode, sharing, tiered, compressed oops, compressed class ptrs, g1 gc, windows-amd64)
# No core dump will be written. Minidumps are not enabled by default on client versions of Windows
#

---------------  S U M M A R Y ------------

Command Line: C:\Users\Admin stagiaire.DESKTOP-8967908\AppData\Local\Temp\surefire16132946308072602018\surefirebooter-20230928105612859_3.jar C:\Users\Admin stagiaire.DESKTOP-8967908\AppData\Local\Temp\surefire16132946308072602018 2023-09-28T10-56-12_731-jvmRun1 surefire-20230928105612859_1tmp surefire_0-20230928105612859_2tmp

Host: Intel(R) Core(TM) i7-10750H CPU @ 2.60GHz, 12 cores, 31G,  Windows 10 , 64 bit Build 19041 (10.0.19041.3031)
Time: Thu Sep 28 10:56:13 2023 Paris, Madrid (heure duild 19041 (10.0.19041.3031) elapsed time: 0.297818 seconds (0d 0h 0m 0s)

---------------  T H R E A D  ---------------

Current thread (0x0000022ee4ad7e40):  JavaThread "C2 CompilerThread1" daemon [_thread_in_native, id=26796, stack(0x00000075c4300000,0x00000075c4400000)]


Current CompileTask:
C2:    298  704       4       java.util.jar.JarFile::getEntry (35 bytes)

Stack: [0x00000075c4300000,0x00000075c4400000]
Native frames: (J=compiled Java code, j=interpreted, Vv=VM code, C=native code)
V  [jvm.dll+0x672eea]
V  [jvm.dll+0x7d2a04]
V  [jvm.dll+0x7d41ae]
V  [jvm.dll+0x7d4813]
V  [jvm.dll+0x242c15]
V  [jvm.dll+0xaa57b]
V  [jvm.dll+0xaab0c]
V  [jvm.dll+0x35ff42]
V  [jvm.dll+0x32a631]
V  [jvm.dll+0x329ada]
V  [jvm.dll+0x215cc1]
V  [jvm.dll+0x2150e1]
V  [jvm.dll+0x1a18ed]
V  [jvm.dll+0x22493a]
V  [jvm.dll+0x222aa5]
V  [jvm.dll+0x7885db]
V  [jvm.dll+0x782b4a]
V  [jvm.dll+0x671d75]
C  [ucrtbase.dll+0x21bb2]
C  [KERNEL32.DLL+0x17614]
C  [ntdll.dll+0x526f1]


---------------  P R O C E S S  ---------------

Threads class SMR info:
_java_thread_list=0x0000022ee4ac0d40, length=15, elements={
0x0000022eb51724b0, 0x0000022ee3870090, 0x0000022ee3870e10, 0x0000022ee3886700,
0x0000022ee38871d0, 0x0000022ee3889ea0, 0x0000022ee388a760, 0x0000022ee388b400,
0x0000022ee388f2b0, 0x0000022ee388fbb0, 0x0000022ee39c0e30, 0x0000022ee39c7b40,
0x0000022ee3ba3910, 0x0000022ee3c088b0, 0x0000022ee4ad7e40
}

Java Threads: ( => current thread )
  0x0000022eb51724b0 JavaThread "main" [_thread_in_Java, id=31580, stack(0x00000075c2e00000,0x00000075c2f00000)]
  0x0000022ee3870090 JavaThread "Reference Handler" daemon [_thread_blocked, id=36812, stack(0x00000075c3500000,0x00000075c3600000)]
  0x0000022ee3870e10 JavaThread "Finalizer" daemon [_thread_blocked, id=33356, stack(0x00000075c3600000,0x00000075c3700000)]
  0x0000022ee3886700 JavaThread "Signal Dispatcher" daemon [_thread_blocked, id=36432, stack(0x00000075c3700000,0x00000075c3800000)]
  0x0000022ee38871d0 JavaThread "Attach Listener" daemon [_thread_blocked, id=19624, stack(0x00000075c3800000,0x00000075c3900000)]
  0x0000022ee3889ea0 JavaThread "Service Thread" daemon [_thread_blocked, id=9376, stack(0x00000075c3900000,0x00000075c3a00000)]
  0x0000022ee388a760 JavaThread "Monitor Deflation Thread" daemon [_thread_blocked, id=36244, stack(0x00000075c3a00000,0x00000075c3b00000)]
  0x0000022ee388b400 JavaThread "C2 CompilerThread0" daemon [_thread_blocked, id=34868, stack(0x00000075c3b00000,0x00000075c3c00000)]
  0x0000022ee388f2b0 JavaThread "C1 CompilerThread0" daemon [_thread_blocked, id=31644, stack(0x00000075c3c00000,0x00000075c3d00000)]
  0x0000022ee388fbb0 JavaThread "Sweeper thread" daemon [_thread_blocked, id=35928, stack(0x00000075c3d00000,0x00000075c3e00000)]
  0x0000022ee39c0e30 JavaThread "Notification Thread" daemon [_thread_blocked, id=4660, stack(0x00000075c3e00000,0x00000075c3f00000)]
  0x0000022ee39c7b40 JavaThread "Common-Cleaner" daemon [_thread_blocked, id=19284, stack(0x00000075c4000000,0x00000075c4100000)]
  0x0000022ee3ba3910 JavaThread "surefire-forkedjvm-stream-flusher" daemon [_thread_blocked, id=31336, stack(0x00000075c4100000,0x00000075c4200000)]
  0x0000022ee3c088b0 JavaThread "surefire-forkedjvm-command-thread" daemon [_thread_in_native, id=25396, stack(0x00000075c4200000,0x00000075c4300000)]
=>0x0000022ee4ad7e40 JavaThread "C2 CompilerThread1" daemon [_thread_in_native, id=26796, stack(0x00000075c4300000,0x00000075c4400000)]

Other Threads:
  0x0000022ee386b580 VMThread "VM Thread" [stack: 0x00000075c3400000,0x00000075c3500000] [id=20928]
  0x0000022eb5234be0 WatcherThread [stack: 0x00000075c3f00000,0x00000075c4000000] [id=24212]
  0x0000022eb521d550 GCTaskThread "GC Thread#0" [stack: 0x00000075c2f00000,0x00000075c3000000] [id=36452]
  0x0000022eb522e0e0 ConcurrentGCThread "G1 Main Marker" [stack: 0x00000075c3000000,0x00000075c3100000] [id=14412]
  0x0000022eb522f1a0 ConcurrentGCThread "G1 Conc#0" [stack: 0x00000075c3100000,0x00000075c3200000] [id=28220]
  0x0000022eb524ec60 ConcurrentGCThread "G1 Refine#0" [stack: 0x00000075c3200000,0x00000075c3300000] [id=11964]
  0x0000022ee33f3e80 ConcurrentGCThread "G1 Service" [stack: 0x00000075c3300000,0x00000075c3400000] [id=25352]

Threads with active compile tasks:
C1 CompilerThread0      314  909       3       java.lang.invoke.MethodHandleNatives::canBeCalledVirtual (50 bytes)
C2 CompilerThread1      314  704       4       java.util.jar.JarFile::getEntry (35 bytes)

VM state: not at safepoint (normal execution)

VM Mutex/Monitor currently owned by a thread: None

Heap address: 0x0000000605800000, size: 8104 MB, Compressed Oops mode: Zero based, Oop shift amount: 3

CDS archive(s) mapped at: [0x0000000800000000-0x0000000800bd0000-0x0000000800bd0000), size 12386304, SharedBaseAddress: 0x0000000800000000, ArchiveRelocationMode: 0.
Compressed class space mapped at: 0x0000000800c00000-0x0000000840c00000, reserved size: 1073741824
Narrow klass base: 0x0000000800000000, Narrow klass shift: 0, Narrow klass range: 0x100000000

GC Precious Log:
 CPUs: 12 total, 12 available
 Memory: 32401M
 Large Page Support: Disabled
 NUMA Support: Disabled
 Compressed Oops: Enabled (Zero based)
 Heap Region Size: 4M
 Heap Min Capacity: 8M
 Heap Initial Capacity: 508M
 Heap Max Capacity: 8104M
 Pre-touch: Disabled
 Parallel Workers: 10
 Concurrent Workers: 3
 Concurrent Refinement Workers: 10
 Periodic GC: Disabled

Heap:
 garbage-first heap   total 520192K, used 16384K [0x0000000605800000, 0x0000000800000000)
  region size 4096K, 5 young (20480K), 0 survivors (0K)
 Metaspace       used 3878K, committed 4096K, reserved 1056768K
  class space    used 455K, committed 576K, reserved 1048576K

Heap Regions: E=young(eden), S=young(survivor), O=old, HS=humongous(starts), HC=humongous(continues), CS=collection set, F=free, OA=open archive, CA=closed archive, TAMS=top-at-mark-start (previous, next)
|   0|0x0000000605800000, 0x0000000605800000, 0x0000000605c00000|  0%| F|  |TAMS 0x0000000605800000, 0x0000000605800000| Untracked 
|   1|0x0000000605c00000, 0x0000000605c00000, 0x0000000606000000|  0%| F|  |TAMS 0x0000000605c00000, 0x0000000605c00000| Untracked 
|   2|0x0000000606000000, 0x0000000606000000, 0x0000000606400000|  0%| F|  |TAMS 0x0000000606000000, 0x0000000606000000| Untracked 
|   3|0x0000000606400000, 0x0000000606400000, 0x0000000606800000|  0%| F|  |TAMS 0x0000000606400000, 0x0000000606400000| Untracked 
|   4|0x0000000606800000, 0x0000000606800000, 0x0000000606c00000|  0%| F|  |TAMS 0x0000000606800000, 0x0000000606800000| Untracked 
|   5|0x0000000606c00000, 0x0000000606c00000, 0x0000000607000000|  0%| F|  |TAMS 0x0000000606c00000, 0x0000000606c00000| Untracked 
|   6|0x0000000607000000, 0x0000000607000000, 0x0000000607400000|  0%| F|  |TAMS 0x0000000607000000, 0x0000000607000000| Untracked 
|   7|0x0000000607400000, 0x0000000607400000, 0x0000000607800000|  0%| F|  |TAMS 0x0000000607400000, 0x0000000607400000| Untracked 
|   8|0x0000000607800000, 0x0000000607800000, 0x0000000607c00000|  0%| F|  |TAMS 0x0000000607800000, 0x0000000607800000| Untracked 
|   9|0x0000000607c00000, 0x0000000607c00000, 0x0000000608000000|  0%| F|  |TAMS 0x0000000607c00000, 0x0000000607c00000| Untracked 
|  10|0x0000000608000000, 0x0000000608000000, 0x0000000608400000|  0%| F|  |TAMS 0x0000000608000000, 0x0000000608000000| Untracked 
|  11|0x0000000608400000, 0x0000000608400000, 0x0000000608800000|  0%| F|  |TAMS 0x0000000608400000, 0x0000000608400000| Untracked 
|  12|0x0000000608800000, 0x0000000608800000, 0x0000000608c00000|  0%| F|  |TAMS 0x0000000608800000, 0x0000000608800000| Untracked 
|  13|0x0000000608c00000, 0x0000000608c00000, 0x0000000609000000|  0%| F|  |TAMS 0x0000000608c00000, 0x0000000608c00000| Untracked 
|  14|0x0000000609000000, 0x0000000609000000, 0x0000000609400000|  0%| F|  |TAMS 0x0000000609000000, 0x0000000609000000| Untracked 
|  15|0x0000000609400000, 0x0000000609400000, 0x0000000609800000|  0%| F|  |TAMS 0x0000000609400000, 0x0000000609400000| Untracked 
|  16|0x0000000609800000, 0x0000000609800000, 0x0000000609c00000|  0%| F|  |TAMS 0x0000000609800000, 0x0000000609800000| Untracked 
|  17|0x0000000609c00000, 0x0000000609c00000, 0x000000060a000000|  0%| F|  |TAMS 0x0000000609c00000, 0x0000000609c00000| Untracked 
|  18|0x000000060a000000, 0x000000060a000000, 0x000000060a400000|  0%| F|  |TAMS 0x000000060a000000, 0x000000060a000000| Untracked 
|  19|0x000000060a400000, 0x000000060a400000, 0x000000060a800000|  0%| F|  |TAMS 0x000000060a400000, 0x000000060a400000| Untracked 
|  20|0x000000060a800000, 0x000000060a800000, 0x000000060ac00000|  0%| F|  |TAMS 0x000000060a800000, 0x000000060a800000| Untracked 
|  21|0x000000060ac00000, 0x000000060ac00000, 0x000000060b000000|  0%| F|  |TAMS 0x000000060ac00000, 0x000000060ac00000| Untracked 
|  22|0x000000060b000000, 0x000000060b000000, 0x000000060b400000|  0%| F|  |TAMS 0x000000060b000000, 0x000000060b000000| Untracked 
|  23|0x000000060b400000, 0x000000060b400000, 0x000000060b800000|  0%| F|  |TAMS 0x000000060b400000, 0x000000060b400000| Untracked 
|  24|0x000000060b800000, 0x000000060b800000, 0x000000060bc00000|  0%| F|  |TAMS 0x000000060b800000, 0x000000060b800000| Untracked 
|  25|0x000000060bc00000, 0x000000060bc00000, 0x000000060c000000|  0%| F|  |TAMS 0x000000060bc00000, 0x000000060bc00000| Untracked 
|  26|0x000000060c000000, 0x000000060c000000, 0x000000060c400000|  0%| F|  |TAMS 0x000000060c000000, 0x000000060c000000| Untracked 
|  27|0x000000060c400000, 0x000000060c400000, 0x000000060c800000|  0%| F|  |TAMS 0x000000060c400000, 0x000000060c400000| Untracked 
|  28|0x000000060c800000, 0x000000060c800000, 0x000000060cc00000|  0%| F|  |TAMS 0x000000060c800000, 0x000000060c800000| Untracked 
|  29|0x000000060cc00000, 0x000000060cc00000, 0x000000060d000000|  0%| F|  |TAMS 0x000000060cc00000, 0x000000060cc00000| Untracked 
|  30|0x000000060d000000, 0x000000060d000000, 0x000000060d400000|  0%| F|  |TAMS 0x000000060d000000, 0x000000060d000000| Untracked 
|  31|0x000000060d400000, 0x000000060d400000, 0x000000060d800000|  0%| F|  |TAMS 0x000000060d400000, 0x000000060d400000| Untracked 
|  32|0x000000060d800000, 0x000000060d800000, 0x000000060dc00000|  0%| F|  |TAMS 0x000000060d800000, 0x000000060d800000| Untracked 
|  33|0x000000060dc00000, 0x000000060dc00000, 0x000000060e000000|  0%| F|  |TAMS 0x000000060dc00000, 0x000000060dc00000| Untracked 
|  34|0x000000060e000000, 0x000000060e000000, 0x000000060e400000|  0%| F|  |TAMS 0x000000060e000000, 0x000000060e000000| Untracked 
|  35|0x000000060e400000, 0x000000060e400000, 0x000000060e800000|  0%| F|  |TAMS 0x000000060e400000, 0x000000060e400000| Untracked 
|  36|0x000000060e800000, 0x000000060e800000, 0x000000060ec00000|  0%| F|  |TAMS 0x000000060e800000, 0x000000060e800000| Untracked 
|  37|0x000000060ec00000, 0x000000060ec00000, 0x000000060f000000|  0%| F|  |TAMS 0x000000060ec00000, 0x000000060ec00000| Untracked 
|  38|0x000000060f000000, 0x000000060f000000, 0x000000060f400000|  0%| F|  |TAMS 0x000000060f000000, 0x000000060f000000| Untracked 
|  39|0x000000060f400000, 0x000000060f400000, 0x000000060f800000|  0%| F|  |TAMS 0x000000060f400000, 0x000000060f400000| Untracked 
|  40|0x000000060f800000, 0x000000060f800000, 0x000000060fc00000|  0%| F|  |TAMS 0x000000060f800000, 0x000000060f800000| Untracked 
|  41|0x000000060fc00000, 0x000000060fc00000, 0x0000000610000000|  0%| F|  |TAMS 0x000000060fc00000, 0x000000060fc00000| Untracked 
|  42|0x0000000610000000, 0x0000000610000000, 0x0000000610400000|  0%| F|  |TAMS 0x0000000610000000, 0x0000000610000000| Untracked 
|  43|0x0000000610400000, 0x0000000610400000, 0x0000000610800000|  0%| F|  |TAMS 0x0000000610400000, 0x0000000610400000| Untracked 
|  44|0x0000000610800000, 0x0000000610800000, 0x0000000610c00000|  0%| F|  |TAMS 0x0000000610800000, 0x0000000610800000| Untracked 
|  45|0x0000000610c00000, 0x0000000610c00000, 0x0000000611000000|  0%| F|  |TAMS 0x0000000610c00000, 0x0000000610c00000| Untracked 
|  46|0x0000000611000000, 0x0000000611000000, 0x0000000611400000|  0%| F|  |TAMS 0x0000000611000000, 0x0000000611000000| Untracked 
|  47|0x0000000611400000, 0x0000000611400000, 0x0000000611800000|  0%| F|  |TAMS 0x0000000611400000, 0x0000000611400000| Untracked 
|  48|0x0000000611800000, 0x0000000611800000, 0x0000000611c00000|  0%| F|  |TAMS 0x0000000611800000, 0x0000000611800000| Untracked 
|  49|0x0000000611c00000, 0x0000000611c00000, 0x0000000612000000|  0%| F|  |TAMS 0x0000000611c00000, 0x0000000611c00000| Untracked 
|  50|0x0000000612000000, 0x0000000612000000, 0x0000000612400000|  0%| F|  |TAMS 0x0000000612000000, 0x0000000612000000| Untracked 
|  51|0x0000000612400000, 0x0000000612400000, 0x0000000612800000|  0%| F|  |TAMS 0x0000000612400000, 0x0000000612400000| Untracked 
|  52|0x0000000612800000, 0x0000000612800000, 0x0000000612c00000|  0%| F|  |TAMS 0x0000000612800000, 0x0000000612800000| Untracked 
|  53|0x0000000612c00000, 0x0000000612c00000, 0x0000000613000000|  0%| F|  |TAMS 0x0000000612c00000, 0x0000000612c00000| Untracked 
|  54|0x0000000613000000, 0x0000000613000000, 0x0000000613400000|  0%| F|  |TAMS 0x0000000613000000, 0x0000000613000000| Untracked 
|  55|0x0000000613400000, 0x0000000613400000, 0x0000000613800000|  0%| F|  |TAMS 0x0000000613400000, 0x0000000613400000| Untracked 
|  56|0x0000000613800000, 0x0000000613800000, 0x0000000613c00000|  0%| F|  |TAMS 0x0000000613800000, 0x0000000613800000| Untracked 
|  57|0x0000000613c00000, 0x0000000613c00000, 0x0000000614000000|  0%| F|  |TAMS 0x0000000613c00000, 0x0000000613c00000| Untracked 
|  58|0x0000000614000000, 0x0000000614000000, 0x0000000614400000|  0%| F|  |TAMS 0x0000000614000000, 0x0000000614000000| Untracked 
|  59|0x0000000614400000, 0x0000000614400000, 0x0000000614800000|  0%| F|  |TAMS 0x0000000614400000, 0x0000000614400000| Untracked 
|  60|0x0000000614800000, 0x0000000614800000, 0x0000000614c00000|  0%| F|  |TAMS 0x0000000614800000, 0x0000000614800000| Untracked 
|  61|0x0000000614c00000, 0x0000000614c00000, 0x0000000615000000|  0%| F|  |TAMS 0x0000000614c00000, 0x0000000614c00000| Untracked 
|  62|0x0000000615000000, 0x0000000615000000, 0x0000000615400000|  0%| F|  |TAMS 0x0000000615000000, 0x0000000615000000| Untracked 
|  63|0x0000000615400000, 0x0000000615400000, 0x0000000615800000|  0%| F|  |TAMS 0x0000000615400000, 0x0000000615400000| Untracked 
|  64|0x0000000615800000, 0x0000000615800000, 0x0000000615c00000|  0%| F|  |TAMS 0x0000000615800000, 0x0000000615800000| Untracked 
|  65|0x0000000615c00000, 0x0000000615c00000, 0x0000000616000000|  0%| F|  |TAMS 0x0000000615c00000, 0x0000000615c00000| Untracked 
|  66|0x0000000616000000, 0x0000000616000000, 0x0000000616400000|  0%| F|  |TAMS 0x0000000616000000, 0x0000000616000000| Untracked 
|  67|0x0000000616400000, 0x0000000616400000, 0x0000000616800000|  0%| F|  |TAMS 0x0000000616400000, 0x0000000616400000| Untracked 
|  68|0x0000000616800000, 0x0000000616800000, 0x0000000616c00000|  0%| F|  |TAMS 0x0000000616800000, 0x0000000616800000| Untracked 
|  69|0x0000000616c00000, 0x0000000616c00000, 0x0000000617000000|  0%| F|  |TAMS 0x0000000616c00000, 0x0000000616c00000| Untracked 
|  70|0x0000000617000000, 0x0000000617000000, 0x0000000617400000|  0%| F|  |TAMS 0x0000000617000000, 0x0000000617000000| Untracked 
|  71|0x0000000617400000, 0x0000000617400000, 0x0000000617800000|  0%| F|  |TAMS 0x0000000617400000, 0x0000000617400000| Untracked 
|  72|0x0000000617800000, 0x0000000617800000, 0x0000000617c00000|  0%| F|  |TAMS 0x0000000617800000, 0x0000000617800000| Untracked 
|  73|0x0000000617c00000, 0x0000000617c00000, 0x0000000618000000|  0%| F|  |TAMS 0x0000000617c00000, 0x0000000617c00000| Untracked 
|  74|0x0000000618000000, 0x0000000618000000, 0x0000000618400000|  0%| F|  |TAMS 0x0000000618000000, 0x0000000618000000| Untracked 
|  75|0x0000000618400000, 0x0000000618400000, 0x0000000618800000|  0%| F|  |TAMS 0x0000000618400000, 0x0000000618400000| Untracked 
|  76|0x0000000618800000, 0x0000000618800000, 0x0000000618c00000|  0%| F|  |TAMS 0x0000000618800000, 0x0000000618800000| Untracked 
|  77|0x0000000618c00000, 0x0000000618c00000, 0x0000000619000000|  0%| F|  |TAMS 0x0000000618c00000, 0x0000000618c00000| Untracked 
|  78|0x0000000619000000, 0x0000000619000000, 0x0000000619400000|  0%| F|  |TAMS 0x0000000619000000, 0x0000000619000000| Untracked 
|  79|0x0000000619400000, 0x0000000619400000, 0x0000000619800000|  0%| F|  |TAMS 0x0000000619400000, 0x0000000619400000| Untracked 
|  80|0x0000000619800000, 0x0000000619800000, 0x0000000619c00000|  0%| F|  |TAMS 0x0000000619800000, 0x0000000619800000| Untracked 
|  81|0x0000000619c00000, 0x0000000619c00000, 0x000000061a000000|  0%| F|  |TAMS 0x0000000619c00000, 0x0000000619c00000| Untracked 
|  82|0x000000061a000000, 0x000000061a000000, 0x000000061a400000|  0%| F|  |TAMS 0x000000061a000000, 0x000000061a000000| Untracked 
|  83|0x000000061a400000, 0x000000061a400000, 0x000000061a800000|  0%| F|  |TAMS 0x000000061a400000, 0x000000061a400000| Untracked 
|  84|0x000000061a800000, 0x000000061a800000, 0x000000061ac00000|  0%| F|  |TAMS 0x000000061a800000, 0x000000061a800000| Untracked 
|  85|0x000000061ac00000, 0x000000061ac00000, 0x000000061b000000|  0%| F|  |TAMS 0x000000061ac00000, 0x000000061ac00000| Untracked 
|  86|0x000000061b000000, 0x000000061b000000, 0x000000061b400000|  0%| F|  |TAMS 0x000000061b000000, 0x000000061b000000| Untracked 
|  87|0x000000061b400000, 0x000000061b400000, 0x000000061b800000|  0%| F|  |TAMS 0x000000061b400000, 0x000000061b400000| Untracked 
|  88|0x000000061b800000, 0x000000061b800000, 0x000000061bc00000|  0%| F|  |TAMS 0x000000061b800000, 0x000000061b800000| Untracked 
|  89|0x000000061bc00000, 0x000000061bc00000, 0x000000061c000000|  0%| F|  |TAMS 0x000000061bc00000, 0x000000061bc00000| Untracked 
|  90|0x000000061c000000, 0x000000061c000000, 0x000000061c400000|  0%| F|  |TAMS 0x000000061c000000, 0x000000061c000000| Untracked 
|  91|0x000000061c400000, 0x000000061c400000, 0x000000061c800000|  0%| F|  |TAMS 0x000000061c400000, 0x000000061c400000| Untracked 
|  92|0x000000061c800000, 0x000000061c800000, 0x000000061cc00000|  0%| F|  |TAMS 0x000000061c800000, 0x000000061c800000| Untracked 
|  93|0x000000061cc00000, 0x000000061cc00000, 0x000000061d000000|  0%| F|  |TAMS 0x000000061cc00000, 0x000000061cc00000| Untracked 
|  94|0x000000061d000000, 0x000000061d000000, 0x000000061d400000|  0%| F|  |TAMS 0x000000061d000000, 0x000000061d000000| Untracked 
|  95|0x000000061d400000, 0x000000061d400000, 0x000000061d800000|  0%| F|  |TAMS 0x000000061d400000, 0x000000061d400000| Untracked 
|  96|0x000000061d800000, 0x000000061d800000, 0x000000061dc00000|  0%| F|  |TAMS 0x000000061d800000, 0x000000061d800000| Untracked 
|  97|0x000000061dc00000, 0x000000061dc00000, 0x000000061e000000|  0%| F|  |TAMS 0x000000061dc00000, 0x000000061dc00000| Untracked 
|  98|0x000000061e000000, 0x000000061e000000, 0x000000061e400000|  0%| F|  |TAMS 0x000000061e000000, 0x000000061e000000| Untracked 
|  99|0x000000061e400000, 0x000000061e400000, 0x000000061e800000|  0%| F|  |TAMS 0x000000061e400000, 0x000000061e400000| Untracked 
| 100|0x000000061e800000, 0x000000061e800000, 0x000000061ec00000|  0%| F|  |TAMS 0x000000061e800000, 0x000000061e800000| Untracked 
| 101|0x000000061ec00000, 0x000000061ec00000, 0x000000061f000000|  0%| F|  |TAMS 0x000000061ec00000, 0x000000061ec00000| Untracked 
| 102|0x000000061f000000, 0x000000061f000000, 0x000000061f400000|  0%| F|  |TAMS 0x000000061f000000, 0x000000061f000000| Untracked 
| 103|0x000000061f400000, 0x000000061f400000, 0x000000061f800000|  0%| F|  |TAMS 0x000000061f400000, 0x000000061f400000| Untracked 
| 104|0x000000061f800000, 0x000000061f800000, 0x000000061fc00000|  0%| F|  |TAMS 0x000000061f800000, 0x000000061f800000| Untracked 
| 105|0x000000061fc00000, 0x000000061fc00000, 0x0000000620000000|  0%| F|  |TAMS 0x000000061fc00000, 0x000000061fc00000| Untracked 
| 106|0x0000000620000000, 0x0000000620000000, 0x0000000620400000|  0%| F|  |TAMS 0x0000000620000000, 0x0000000620000000| Untracked 
| 107|0x0000000620400000, 0x0000000620400000, 0x0000000620800000|  0%| F|  |TAMS 0x0000000620400000, 0x0000000620400000| Untracked 
| 108|0x0000000620800000, 0x0000000620800000, 0x0000000620c00000|  0%| F|  |TAMS 0x0000000620800000, 0x0000000620800000| Untracked 
| 109|0x0000000620c00000, 0x0000000620c00000, 0x0000000621000000|  0%| F|  |TAMS 0x0000000620c00000, 0x0000000620c00000| Untracked 
| 110|0x0000000621000000, 0x0000000621000000, 0x0000000621400000|  0%| F|  |TAMS 0x0000000621000000, 0x0000000621000000| Untracked 
| 111|0x0000000621400000, 0x0000000621400000, 0x0000000621800000|  0%| F|  |TAMS 0x0000000621400000, 0x0000000621400000| Untracked 
| 112|0x0000000621800000, 0x0000000621800000, 0x0000000621c00000|  0%| F|  |TAMS 0x0000000621800000, 0x0000000621800000| Untracked 
| 113|0x0000000621c00000, 0x0000000621c00000, 0x0000000622000000|  0%| F|  |TAMS 0x0000000621c00000, 0x0000000621c00000| Untracked 
| 114|0x0000000622000000, 0x0000000622000000, 0x0000000622400000|  0%| F|  |TAMS 0x0000000622000000, 0x0000000622000000| Untracked 
| 115|0x0000000622400000, 0x0000000622400000, 0x0000000622800000|  0%| F|  |TAMS 0x0000000622400000, 0x0000000622400000| Untracked 
| 116|0x0000000622800000, 0x0000000622800000, 0x0000000622c00000|  0%| F|  |TAMS 0x0000000622800000, 0x0000000622800000| Untracked 
| 117|0x0000000622c00000, 0x0000000622c00000, 0x0000000623000000|  0%| F|  |TAMS 0x0000000622c00000, 0x0000000622c00000| Untracked 
| 118|0x0000000623000000, 0x0000000623000000, 0x0000000623400000|  0%| F|  |TAMS 0x0000000623000000, 0x0000000623000000| Untracked 
| 119|0x0000000623400000, 0x0000000623400000, 0x0000000623800000|  0%| F|  |TAMS 0x0000000623400000, 0x0000000623400000| Untracked 
| 120|0x0000000623800000, 0x0000000623800000, 0x0000000623c00000|  0%| F|  |TAMS 0x0000000623800000, 0x0000000623800000| Untracked 
| 121|0x0000000623c00000, 0x0000000623c00000, 0x0000000624000000|  0%| F|  |TAMS 0x0000000623c00000, 0x0000000623c00000| Untracked 
| 122|0x0000000624000000, 0x00000006242e1fb0, 0x0000000624400000| 72%| E|  |TAMS 0x0000000624000000, 0x0000000624000000| Complete 
| 123|0x0000000624400000, 0x0000000624800000, 0x0000000624800000|100%| E|CS|TAMS 0x0000000624400000, 0x0000000624400000| Complete 
| 124|0x0000000624800000, 0x0000000624c00000, 0x0000000624c00000|100%| E|CS|TAMS 0x0000000624800000, 0x0000000624800000| Complete 
| 125|0x0000000624c00000, 0x0000000625000000, 0x0000000625000000|100%| E|CS|TAMS 0x0000000624c00000, 0x0000000624c00000| Complete 
| 126|0x0000000625000000, 0x0000000625400000, 0x0000000625400000|100%| E|CS|TAMS 0x0000000625000000, 0x0000000625000000| Complete 

Card table byte_map: [0x0000022ecee30000,0x0000022ecfe10000] _byte_map_base: 0x0000022ecbe04000

Marking Bits (Prev, Next): (CMBitMap*) 0x0000022eb521da70, (CMBitMap*) 0x0000022eb521dab0
 Prev Bits: [0x0000022ed0df0000, 0x0000022ed8c90000)
 Next Bits: [0x0000022ed8c90000, 0x0000022ee0b30000)

Polling page: 0x0000022eb5250000

Metaspace:

Usage:
  Non-class:      3.36 MB used.
      Class:    460.15 KB used.
       Both:      3.81 MB used.

Virtual space:
  Non-class space:        8.00 MB reserved,       3.44 MB ( 43%) committed,  1 nodes.
      Class space:        1.00 GB reserved,     576.00 KB ( <1%) committed,  1 nodes.
             Both:        1.01 GB reserved,       4.00 MB ( <1%) committed. 

Chunk freelists:
   Non-Class:  2.47 MB
       Class:  3.48 MB
        Both:  5.95 MB

MaxMetaspaceSize: unlimited
CompressedClassSpaceSize: 1.00 GB
Initial GC threshold: 21.00 MB
Current GC threshold: 21.00 MB
CDS: on
MetaspaceReclaimPolicy: balanced
 - commit_granule_bytes: 65536.
 - commit_granule_words: 8192.
 - virtual_space_node_default_size: 1048576.
 - enlarge_chunks_in_place: 1.
 - new_chunks_are_fully_committed: 0.
 - uncommit_free_chunks: 1.
 - use_allocation_guard: 0.
 - handle_deallocations: 1.


Internal statistics:

num_allocs_failed_limit: 0.
num_arena_births: 44.
num_arena_deaths: 0.
num_vsnodes_births: 2.
num_vsnodes_deaths: 0.
num_space_committed: 64.
num_space_uncommitted: 0.
num_chunks_returned_to_freelist: 0.
num_chunks_taken_from_freelist: 152.
num_chunk_merges: 0.
num_chunk_splits: 83.
num_chunks_enlarged: 56.
num_purges: 0.
num_inconsistent_stats: 0.

CodeHeap 'non-profiled nmethods': size=120000Kb used=295Kb max_used=295Kb free=119705Kb
 bounds [0x0000022ec5c90000, 0x0000022ec5f00000, 0x0000022ecd1c0000]
CodeHeap 'profiled nmethods': size=120000Kb used=1710Kb max_used=1710Kb free=118289Kb
 bounds [0x0000022ebe760000, 0x0000022ebe9d0000, 0x0000022ec5c90000]
CodeHeap 'non-nmethods': size=5760Kb used=1142Kb max_used=1165Kb free=4617Kb
 bounds [0x0000022ebe1c0000, 0x0000022ebe430000, 0x0000022ebe760000]
 total_blobs=1348 nmethods=919 adapters=342
 compilation: enabled
              stopped_count=0, restarted_count=0
 full_count=0

Compilation events (20 events):
Event: 0.293 Thread 0x0000022ee388f2b0 nmethod 830 0x0000022ebe8ea610 code [0x0000022ebe8ea7c0, 0x0000022ebe8eab88]
Event: 0.293 Thread 0x0000022ee388f2b0  831       3       java.util.zip.ZipFile$ZipFileInflaterInputStream::<init> (14 bytes)
Event: 0.293 Thread 0x0000022ee388f2b0 nmethod 831 0x0000022ebe8ead10 code [0x0000022ebe8eaec0, 0x0000022ebe8eb058]
Event: 0.293 Thread 0x0000022ee388f2b0  832   !   3       java.util.zip.ZipFile$CleanableResource::getInflater (47 bytes)
Event: 0.293 Thread 0x0000022ee388f2b0 nmethod 832 0x0000022ebe8eb190 code [0x0000022ebe8eb360, 0x0000022ebe8eb878]
Event: 0.293 Thread 0x0000022ee388f2b0  833       3       java.util.zip.ZipFile$ZipFileInflaterInputStream::<init> (41 bytes)
Event: 0.293 Thread 0x0000022ee388b400 nmethod 821 0x0000022ec5cd2590 code [0x0000022ec5cd2700, 0x0000022ec5cd2a38]
Event: 0.293 Thread 0x0000022ee388f2b0 nmethod 833 0x0000022ebe8eba10 code [0x0000022ebe8ebbe0, 0x0000022ebe8ec0b8]
Event: 0.293 Thread 0x0000022ee388f2b0  834       3       java.util.zip.InflaterInputStream::<init> (79 bytes)
Event: 0.294 Thread 0x0000022ee388f2b0 nmethod 834 0x0000022ebe8ec290 code [0x0000022ebe8ec480, 0x0000022ebe8eccd8]
Event: 0.294 Thread 0x0000022ee388f2b0  835       3       java.util.ArrayDeque::addLast (51 bytes)
Event: 0.294 Thread 0x0000022ee388f2b0 nmethod 835 0x0000022ebe8ece90 code [0x0000022ebe8ed060, 0x0000022ebe8ed538]
Event: 0.294 Thread 0x0000022ee388f2b0  836       3       java.util.zip.ZipFile$InflaterCleanupAction::run (12 bytes)
Event: 0.294 Thread 0x0000022ee388f2b0 nmethod 836 0x0000022ebe8ed710 code [0x0000022ebe8ed8c0, 0x0000022ebe8eda28]
Event: 0.294 Thread 0x0000022ee388f2b0  837   !   3       java.util.zip.ZipFile$CleanableResource::releaseInflater (53 bytes)
Event: 0.294 Thread 0x0000022ee388f2b0 nmethod 837 0x0000022ebe8edb10 code [0x0000022ebe8edce0, 0x0000022ebe8ee108]
Event: 0.294 Thread 0x0000022ee388f2b0  838   !   3       java.util.zip.Inflater::reset (64 bytes)
Event: 0.294 Thread 0x0000022ee388f2b0 nmethod 838 0x0000022ebe8ee310 code [0x0000022ebe8ee4e0, 0x0000022ebe8ee878]
Event: 0.296 Thread 0x0000022ee388f2b0  841       3       java.lang.Integer::numberOfLeadingZeros (79 bytes)
Event: 0.296 Thread 0x0000022ee388f2b0 nmethod 841 0x0000022ebe8eea10 code [0x0000022ebe8eebc0, 0x0000022ebe8eee98]

GC Heap History (0 events):
No events

Deoptimization events (20 events):
Event: 0.170 Thread 0x0000022eb51724b0 Uncommon trap: trap_request=0xffffff45 fr.pc=0x0000022ec5c96008 relative=0x0000000000000468
Event: 0.170 Thread 0x0000022eb51724b0 Uncommon trap: reason=unstable_if action=reinterpret pc=0x0000022ec5c96008 method=java.lang.StringLatin1.canEncode(I)Z @ 4 c2
Event: 0.170 Thread 0x0000022eb51724b0 DEOPT PACKING pc=0x0000022ec5c96008 sp=0x00000075c2efe620
Event: 0.171 Thread 0x0000022eb51724b0 DEOPT UNPACKING pc=0x0000022ebe2123a3 sp=0x00000075c2efe548 mode 2
Event: 0.171 Thread 0x0000022eb51724b0 Uncommon trap: trap_request=0xffffff45 fr.pc=0x0000022ec5c96a6c relative=0x000000000000044c
Event: 0.171 Thread 0x0000022eb51724b0 Uncommon trap: reason=unstable_if action=reinterpret pc=0x0000022ec5c96a6c method=java.lang.AbstractStringBuilder.isLatin1()Z @ 10 c2
Event: 0.171 Thread 0x0000022eb51724b0 DEOPT PACKING pc=0x0000022ec5c96a6c sp=0x00000075c2efe5c0
Event: 0.171 Thread 0x0000022eb51724b0 DEOPT UNPACKING pc=0x0000022ebe2123a3 sp=0x00000075c2efe540 mode 2
Event: 0.176 Thread 0x0000022eb51724b0 DEOPT PACKING pc=0x0000022ebe78ed56 sp=0x00000075c2efdc60
Event: 0.176 Thread 0x0000022eb51724b0 DEOPT UNPACKING pc=0x0000022ebe212b43 sp=0x00000075c2efd100 mode 0
Event: 0.178 Thread 0x0000022eb51724b0 DEOPT PACKING pc=0x0000022ebe77bee5 sp=0x00000075c2efa7a0
Event: 0.178 Thread 0x0000022eb51724b0 DEOPT UNPACKING pc=0x0000022ebe212b43 sp=0x00000075c2ef9c18 mode 0
Event: 0.178 Thread 0x0000022eb51724b0 DEOPT PACKING pc=0x0000022ebe7761e8 sp=0x00000075c2efa760
Event: 0.178 Thread 0x0000022eb51724b0 DEOPT UNPACKING pc=0x0000022ebe212b43 sp=0x00000075c2ef9bf0 mode 0
Event: 0.180 Thread 0x0000022eb51724b0 DEOPT PACKING pc=0x0000022ebe77bee5 sp=0x00000075c2ef6330
Event: 0.180 Thread 0x0000022eb51724b0 DEOPT UNPACKING pc=0x0000022ebe212b43 sp=0x00000075c2ef57a8 mode 0
Event: 0.213 Thread 0x0000022eb51724b0 DEOPT PACKING pc=0x0000022ebe7b95f4 sp=0x00000075c2efcce0
Event: 0.213 Thread 0x0000022eb51724b0 DEOPT UNPACKING pc=0x0000022ebe212b43 sp=0x00000075c2efc190 mode 0
Event: 0.289 Thread 0x0000022eb51724b0 DEOPT PACKING pc=0x0000022ebe7c50be sp=0x00000075c2ef9a10
Event: 0.289 Thread 0x0000022eb51724b0 DEOPT UNPACKING pc=0x0000022ebe212b43 sp=0x00000075c2ef8e88 mode 0

Classes unloaded (0 events):
No events

Classes redefined (0 events):
No events

Internal exceptions (12 events):
Event: 0.063 Thread 0x0000022eb51724b0 Exception <a 'java/lang/NoSuchMethodError'{0x00000006252e1070}: 'java.lang.Object java.lang.invoke.DirectMethodHandle$Holder.invokeStaticInit(java.lang.Object)'> (0x00000006252e1070) 
thrown [s\open\src\hotspot\share\interpreter\linkResolver.cpp, line 759]
Event: 0.077 Thread 0x0000022eb51724b0 Exception <a 'java/lang/NoSuchMethodError'{0x00000006253181f0}: 'int java.lang.invoke.DirectMethodHandle$Holder.invokeSpecial(java.lang.Object, java.lang.Object, java.lang.Object)'> (0x00000006253181f0) 
thrown [s\open\src\hotspot\share\interpreter\linkResolver.cpp, line 759]
Event: 0.198 Thread 0x0000022eb51724b0 Exception <a 'java/lang/NoSuchMethodError'{0x0000000624ba0358}: 'void java.lang.invoke.DirectMethodHandle$Holder.invokeStatic(java.lang.Object, java.lang.Object, java.lang.Object)'> (0x0000000624ba0358) 
thrown [s\open\src\hotspot\share\interpreter\linkResolver.cpp, line 759]
Event: 0.199 Thread 0x0000022eb51724b0 Exception <a 'java/lang/NoSuchMethodError'{0x0000000624ba8dc0}: 'void java.lang.invoke.DirectMethodHandle$Holder.invokeSpecial(java.lang.Object, java.lang.Object, java.lang.Object)'> (0x0000000624ba8dc0) 
thrown [s\open\src\hotspot\share\interpreter\linkResolver.cpp, line 759]
Event: 0.226 Thread 0x0000022eb51724b0 Exception <a 'java/lang/NoSuchMethodError'{0x000000062455b678}: 'java.lang.Object java.lang.invoke.DirectMethodHandle$Holder.invokeVirtual(java.lang.Object, java.lang.Object, java.lang.Object)'> (0x000000062455b678) 
thrown [s\open\src\hotspot\share\interpreter\linkResolver.cpp, line 759]
Event: 0.232 Thread 0x0000022eb51724b0 Exception <a 'java/lang/NoSuchMethodError'{0x0000000624594c48}: 'int java.lang.invoke.DirectMethodHandle$Holder.invokeVirtual(java.lang.Object, java.lang.Object)'> (0x0000000624594c48) 
thrown [s\open\src\hotspot\share\interpreter\linkResolver.cpp, line 759]
Event: 0.235 Thread 0x0000022eb51724b0 Exception <a 'java/lang/NoSuchMethodError'{0x00000006245b5788}: 'java.lang.Object java.lang.invoke.DirectMethodHandle$Holder.invokeStaticInit(java.lang.Object, int)'> (0x00000006245b5788) 
thrown [s\open\src\hotspot\share\interpreter\linkResolver.cpp, line 759]
Event: 0.257 Thread 0x0000022eb51724b0 Exception <a 'java/lang/NoSuchMethodError'{0x000000062472d068}: 'void java.lang.invoke.DirectMethodHandle$Holder.invokeInterface(java.lang.Object, java.lang.Object)'> (0x000000062472d068) 
thrown [s\open\src\hotspot\share\interpreter\linkResolver.cpp, line 759]
Event: 0.258 Thread 0x0000022eb51724b0 Exception <a 'java/lang/IncompatibleClassChangeError'{0x00000006247307f8}: Found class java.lang.Object, but interface was expected> (0x00000006247307f8) 
thrown [s\open\src\hotspot\share\interpreter\linkResolver.cpp, line 826]
Event: 0.267 Thread 0x0000022eb51724b0 Exception <a 'java/lang/NoSuchMethodError'{0x00000006247cd758}: 'java.lang.Object java.lang.invoke.DirectMethodHandle$Holder.invokeStaticInit(java.lang.Object, java.lang.Object, java.lang.Object)'> (0x00000006247cd758) 
thrown [s\open\src\hotspot\share\interpreter\linkResolver.cpp, line 759]
Event: 0.267 Thread 0x0000022eb51724b0 Exception <a 'java/lang/NoSuchMethodError'{0x00000006247d4958}: 'void java.lang.invoke.DirectMethodHandle$Holder.invokeStaticInit(java.lang.Object, java.lang.Object, java.lang.Object)'> (0x00000006247d4958) 
thrown [s\open\src\hotspot\share\interpreter\linkResolver.cpp, line 759]
Event: 0.279 Thread 0x0000022eb51724b0 Exception <a 'java/lang/NoSuchMethodError'{0x000000062404ae68}: 'java.lang.Object java.lang.invoke.DirectMethodHandle$Holder.newInvokeSpecial(java.lang.Object, java.lang.Object, java.lang.Object, java.lang.Object, java.lang.Object)'> (0x000000062404ae68) 
thrown [s\open\src\hotspot\share\interpreter\linkResolver.cpp, line 759]

VM Operations (6 events):
Event: 0.037 Executing VM operation: HandshakeAllThreads
Event: 0.037 Executing VM operation: HandshakeAllThreads done
Event: 0.130 Executing VM operation: HandshakeAllThreads
Event: 0.130 Executing VM operation: HandshakeAllThreads done
Event: 0.193 Executing VM operation: HandshakeAllThreads
Event: 0.193 Executing VM operation: HandshakeAllThreads done

Events (20 events):
Event: 0.275 loading class java/lang/WeakPairMap$WeakRefPeer done
Event: 0.275 loading class java/lang/WeakPairMap$Pair$Weak done
Event: 0.276 loading class java/lang/WeakPairMap$Pair$Weak$1
Event: 0.276 loading class java/lang/WeakPairMap$Pair$Weak$1 done
Event: 0.276 loading class java/lang/invoke/MethodHandle$1
Event: 0.276 loading class java/lang/invoke/MethodHandle$1 done
Event: 0.277 loading class java/lang/reflect/ProxyGenerator
Event: 0.277 loading class java/lang/reflect/ProxyGenerator done
Event: 0.277 loading class java/lang/reflect/ProxyGenerator$ProxyMethod
Event: 0.277 loading class java/lang/reflect/ProxyGenerator$ProxyMethod done
Event: 0.278 loading class java/lang/reflect/ProxyGenerator$PrimitiveTypeInfo
Event: 0.278 loading class java/lang/reflect/ProxyGenerator$PrimitiveTypeInfo done
Event: 0.278 loading class jdk/internal/org/objectweb/asm/Edge
Event: 0.278 loading class jdk/internal/org/objectweb/asm/Edge done
Event: 0.278 loading class java/lang/reflect/Proxy$ProxyBuilder$1
Event: 0.278 loading class java/lang/reflect/Proxy$ProxyBuilder$1 done
Event: 0.283 loading class java/lang/reflect/UndeclaredThrowableException
Event: 0.283 loading class java/lang/reflect/UndeclaredThrowableException done
Event: 0.285 loading class java/lang/Class$AnnotationData
Event: 0.285 loading class java/lang/Class$AnnotationData done


Dynamic libraries:
0x00007ff730860000 - 0x00007ff730870000 	C:\Program Files\Java\jdk-17.0.5\bin\java.exe
0x00007ffe65db0000 - 0x00007ffe65fa8000 	C:\WINDOWS\SYSTEM32\ntdll.dll
0x00007ffe63ea0000 - 0x00007ffe63f5f000 	C:\WINDOWS\System32\KERNEL32.DLL
0x00007ffe63ae0000 - 0x00007ffe63dd6000 	C:\WINDOWS\System32\KERNELBASE.dll
0x00007ffe63540000 - 0x00007ffe63640000 	C:\WINDOWS\System32\ucrtbase.dll
0x00007ffe502d0000 - 0x00007ffe502e8000 	C:\Program Files\Java\jdk-17.0.5\bin\jli.dll
0x00007ffe50240000 - 0x00007ffe5025a000 	C:\Program Files\Java\jdk-17.0.5\bin\VCRUNTIME140.dll
0x00007ffe643c0000 - 0x00007ffe6446f000 	C:\WINDOWS\System32\ADVAPI32.dll
0x00007ffe65a90000 - 0x00007ffe65b2e000 	C:\WINDOWS\System32\msvcrt.dll
0x00007ffe65780000 - 0x00007ffe6581c000 	C:\WINDOWS\System32\sechost.dll
0x00007ffe64100000 - 0x00007ffe64226000 	C:\WINDOWS\System32\RPCRT4.dll
0x00007ffe63f60000 - 0x00007ffe640fd000 	C:\WINDOWS\System32\USER32.dll
0x00007ffe63de0000 - 0x00007ffe63e02000 	C:\WINDOWS\System32\win32u.dll
0x00007ffe462d0000 - 0x00007ffe4656a000 	C:\WINDOWS\WinSxS\amd64_microsoft.windows.common-controls_6595b64144ccf1df_6.0.19041.1110_none_60b5254171f9507e\COMCTL32.dll
0x00007ffe65b30000 - 0x00007ffe65b5c000 	C:\WINDOWS\System32\GDI32.dll
0x00007ffe63640000 - 0x00007ffe63755000 	C:\WINDOWS\System32\gdi32full.dll
0x00007ffe63960000 - 0x00007ffe639fd000 	C:\WINDOWS\System32\msvcp_win.dll
0x00007ffe5d470000 - 0x00007ffe5d47a000 	C:\WINDOWS\SYSTEM32\VERSION.dll
0x00007ffe65750000 - 0x00007ffe65780000 	C:\WINDOWS\System32\IMM32.DLL
0x00007ffe58400000 - 0x00007ffe5840c000 	C:\Program Files\Java\jdk-17.0.5\bin\vcruntime140_1.dll
0x00007ffe23700000 - 0x00007ffe2378d000 	C:\Program Files\Java\jdk-17.0.5\bin\msvcp140.dll
0x00007ffdad220000 - 0x00007ffdadde2000 	C:\Program Files\Java\jdk-17.0.5\bin\server\jvm.dll
0x00007ffe65c40000 - 0x00007ffe65c48000 	C:\WINDOWS\System32\PSAPI.DLL
0x00007ffe4ae80000 - 0x00007ffe4ae89000 	C:\WINDOWS\SYSTEM32\WSOCK32.dll
0x00007ffe48750000 - 0x00007ffe48777000 	C:\WINDOWS\SYSTEM32\WINMM.dll
0x00007ffe65660000 - 0x00007ffe656cb000 	C:\WINDOWS\System32\WS2_32.dll
0x00007ffe61c90000 - 0x00007ffe61ca2000 	C:\WINDOWS\SYSTEM32\kernel.appcore.dll
0x00007ffe5b530000 - 0x00007ffe5b53a000 	C:\Program Files\Java\jdk-17.0.5\bin\jimage.dll
0x00007ffe5d740000 - 0x00007ffe5d924000 	C:\WINDOWS\SYSTEM32\DBGHELP.DLL
0x00007ffe4e6f0000 - 0x00007ffe4e724000 	C:\WINDOWS\SYSTEM32\dbgcore.DLL
0x00007ffe63a50000 - 0x00007ffe63ad2000 	C:\WINDOWS\System32\bcryptPrimitives.dll
0x00007ffe5b4b0000 - 0x00007ffe5b4d5000 	C:\Program Files\Java\jdk-17.0.5\bin\java.dll
0x00007ffe2a860000 - 0x00007ffe2a936000 	C:\Program Files\Java\jdk-17.0.5\bin\jsvml.dll
0x00007ffe64990000 - 0x00007ffe650d4000 	C:\WINDOWS\System32\SHELL32.dll
0x00007ffe61430000 - 0x00007ffe61bc3000 	C:\WINDOWS\SYSTEM32\windows.storage.dll
0x00007ffe65300000 - 0x00007ffe65654000 	C:\WINDOWS\System32\combase.dll
0x00007ffe62e00000 - 0x00007ffe62e2e000 	C:\WINDOWS\SYSTEM32\Wldp.dll
0x00007ffe64240000 - 0x00007ffe642ed000 	C:\WINDOWS\System32\SHCORE.dll
0x00007ffe65170000 - 0x00007ffe651c5000 	C:\WINDOWS\System32\shlwapi.dll
0x00007ffe633d0000 - 0x00007ffe633ef000 	C:\WINDOWS\SYSTEM32\profapi.dll
0x00007ffe58600000 - 0x00007ffe58619000 	C:\Program Files\Java\jdk-17.0.5\bin\net.dll
0x00007ffe5a690000 - 0x00007ffe5a79a000 	C:\WINDOWS\SYSTEM32\WINHTTP.dll
0x00007ffe62be0000 - 0x00007ffe62c4a000 	C:\WINDOWS\system32\mswsock.dll
0x00007ffe585b0000 - 0x00007ffe585c6000 	C:\Program Files\Java\jdk-17.0.5\bin\nio.dll
0x00007ffe58590000 - 0x00007ffe585a8000 	C:\Program Files\Java\jdk-17.0.5\bin\zip.dll
0x00007ffe58530000 - 0x00007ffe58539000 	C:\Program Files\Java\jdk-17.0.5\bin\management.dll
0x00007ffe583e0000 - 0x00007ffe583eb000 	C:\Program Files\Java\jdk-17.0.5\bin\management_ext.dll

dbghelp: loaded successfully - version: 4.0.5 - missing functions: none
symbol engine: initialized successfully - sym options: 0x614 - pdb path: .;C:\Program Files\Java\jdk-17.0.5\bin;C:\WINDOWS\SYSTEM32;C:\WINDOWS\WinSxS\amd64_microsoft.windows.common-controls_6595b64144ccf1df_6.0.19041.1110_none_60b5254171f9507e;C:\Program Files\Java\jdk-17.0.5\bin\server

VM Arguments:
java_command: C:\Users\Admin stagiaire.DESKTOP-8967908\AppData\Local\Temp\surefire16132946308072602018\surefirebooter-20230928105612859_3.jar C:\Users\Admin stagiaire.DESKTOP-8967908\AppData\Local\Temp\surefire16132946308072602018 2023-09-28T10-56-12_731-jvmRun1 surefire-20230928105612859_1tmp surefire_0-20230928105612859_2tmp
java_class_path (initial): C:\Users\Admin stagiaire.DESKTOP-8967908\AppData\Local\Temp\surefire16132946308072602018\surefirebooter-20230928105612859_3.jar
Launcher Type: SUN_STANDARD

[Global flags]
     intx CICompilerCount                          = 4                                         {product} {ergonomic}
     uint ConcGCThreads                            = 3                                         {product} {ergonomic}
     uint G1ConcRefinementThreads                  = 10                                        {product} {ergonomic}
   size_t G1HeapRegionSize                         = 4194304                                   {product} {ergonomic}
    uintx GCDrainStackTargetSize                   = 64                                        {product} {ergonomic}
   size_t InitialHeapSize                          = 532676608                                 {product} {ergonomic}
   size_t MarkStackSize                            = 4194304                                   {product} {ergonomic}
   size_t MaxHeapSize                              = 8497659904                                {product} {ergonomic}
   size_t MaxNewSize                               = 5096079360                                {product} {ergonomic}
   size_t MinHeapDeltaBytes                        = 4194304                                   {product} {ergonomic}
   size_t MinHeapSize                              = 8388608                                   {product} {ergonomic}
    uintx NonNMethodCodeHeapSize                   = 5839372                                {pd product} {ergonomic}
    uintx NonProfiledCodeHeapSize                  = 122909434                              {pd product} {ergonomic}
    uintx ProfiledCodeHeapSize                     = 122909434                              {pd product} {ergonomic}
    uintx ReservedCodeCacheSize                    = 251658240                              {pd product} {ergonomic}
     bool SegmentedCodeCache                       = true                                      {product} {ergonomic}
   size_t SoftMaxHeapSize                          = 8497659904                             {manageable} {ergonomic}
     bool UseCompressedClassPointers               = true                           {product lp64_product} {ergonomic}
     bool UseCompressedOops                        = true                           {product lp64_product} {ergonomic}
     bool UseG1GC                                  = true                                      {product} {ergonomic}
     bool UseLargePagesIndividualAllocation        = false                                  {pd product} {ergonomic}

Logging:
Log output configuration:
 #0: stdout all=warning uptime,level,tags
 #1: stderr all=off uptime,level,tags

Environment Variables:
JAVA_HOME=C:\Program Files\Java\jdk-17.0.5
CLASSPATH=.;
PATH=C:\Program Files\Java\jdk-17.0.5\bin;C:\Program Files\Java\jdk1.8.0_301\bin;C:\Program Files\Common Files\Oracle\Java\javapath;C:\Program Files (x86)\Common Files\Oracle\Java\javapath;C:\Windows\system32;C:\Windows;C:\Windows\System32\Wbem;C:\Windows\System32\WindowsPowerShell\v1.0\;C:\Windows\System32\OpenSSH\;C:\ProgramData\chocolatey\bin;C:\Users\Admin\AppData\Local\Microsoft\WindowsApps;C:\Program Files (x86)\InnoSetup6;C:\Program Files\Git\bin;C:\Program Files\Oracle\VirtualBox;C:\WINDOWS\system32;C:\WINDOWS;C:\WINDOWS\System32\Wbem;C:\WINDOWS\System32\WindowsPowerShell\v1.0\;C:\WINDOWS\System32\OpenSSH\;C:\Program Files\Microsoft SQL Server\130\Tools\Binn\;C:\Program Files\Microsoft SQL Server\Client SDK\ODBC\170\Tools\Binn\;C:\Program Files (x86)\Microsoft SQL Server\150\Tools\Binn\;C:\Program Files\Microsoft SQL Server\150\Tools\Binn\;C:\Program Files\Microsoft SQL Server\150\DTS\Binn\;C:\Program Files (x86)\Microsoft SQL Server\150\DTS\Binn\;C:\Program Files\Azure Data Studio\bin;C:\Program Files\dotnet\;C:\Program Files (x86)\InnoSetup6;C:\Program Files (x86)\NVIDIA Corporation\PhysX\Common;C:\Program Files\nodejs\;C:\Program Files\Apache Software Foundation\maven\apache-maven-3.9.4\bin;C:\Program Files\Docker\Docker\resources\bin;C:\Users\Admin stagiaire.DESKTOP-8967908\AppData\Local\Microsoft\WindowsApps;C:\Users\Admin stagiaire.DESKTOP-8967908\AppData\Local\Programs\Microsoft VS Code\bin;C:\Program Files\Azure Data Studio\bin;C:\Users\Admin stagiaire.DESKTOP-8967908\.dotnet\tools;C:\Users\Admin stagiaire.DESKTOP-8967908\AppData\Roaming\npm
USERNAME=Admin stagiaire
OS=Windows_NT
PROCESSOR_IDENTIFIER=Intel64 Family 6 Model 165 Stepping 2, GenuineIntel



---------------  S Y S T E M  ---------------

OS:
 Windows 10 , 64 bit Build 19041 (10.0.19041.3031)
OS uptime: 2 days 13:39 hours
Hyper-V role detected

CPU: total 12 (initial active 12) (6 cores per cpu, 2 threads per core) family 6 model 165 stepping 2 microcode 0xea, cx8, cmov, fxsr, ht, mmx, 3dnowpref, sse, sse2, sse3, ssse3, sse4.1, sse4.2, popcnt, lzcnt, tsc, tscinvbit, avx, avx2, aes, erms, clmul, bmi1, bmi2, adx, fma, vzeroupper, clflush, clflushopt, hv

Memory: 4k page, system-wide physical 32401M (10909M free)
TotalPageFile size 40497M (AvailPageFile size 6M)
current process WorkingSet (physical memory assigned to process): 70M, peak: 70M
current process commit charge ("private bytes"): 627M, peak: 628M

vm_info: Java HotSpot(TM) 64-Bit Server VM (17.0.5+9-LTS-191) for windows-amd64 JRE (17.0.5+9-LTS-191), built on Sep 13 2022 17:31:43 by "mach5one" with MS VC++ 16.8 / 16.9 (VS2019)

END.
