#
# There is insufficient memory for the Java Runtime Environment to continue.
# Native memory allocation (mmap) failed to map 532676608 bytes for G1 virtual space
# Possible reasons:
#   The system is out of physical RAM or swap space
#   The process is running with CompressedOops enabled, and the Java Heap may be blocking the growth of the native heap
# Possible solutions:
#   Reduce memory load on the system
#   Increase physical memory or swap space
#   Check if swap backing store is full
#   Decrease Java heap size (-Xmx/-Xms)
#   Decrease number of Java threads
#   Decrease Java thread stack sizes (-Xss)
#   Set larger code cache with -XX:ReservedCodeCacheSize=
#   JVM is running with Zero Based Compressed Oops mode in which the Java heap is
#     placed in the first 32GB address space. The Java Heap base address is the
#     maximum limit for the native heap growth. Please use -XX:HeapBaseMinAddress
#     to set the Java Heap base and to place the Java Heap above 32GB virtual address.
# This output file may be truncated or incomplete.
#
#  Out of Memory Error (os_windows.cpp:3541), pid=3120, tid=25412
#
# JRE version:  (17.0.5+9) (build )
# Java VM: Java HotSpot(TM) 64-Bit Server VM (17.0.5+9-LTS-191, mixed mode, sharing, tiered, compressed oops, compressed class ptrs, g1 gc, windows-amd64)
# No core dump will be written. Minidumps are not enabled by default on client versions of Windows
#

---------------  S U M M A R Y ------------

Command Line: -Dnet.bytebuddy.agent.attacher.dump= net.bytebuddy.agent.Attacher com.sun.tools.attach.VirtualMachine 26896 C:\Users\Admin stagiaire.DESKTOP-8967908\.m2\repository\net\bytebuddy\byte-buddy-agent\1.14.8\byte-buddy-agent-1.14.8.jar false 

Host: Intel(R) Core(TM) i7-10750H CPU @ 2.60GHz, 12 cores, 31G,  Windows 10 , 64 bit Build 19041 (10.0.19041.3031)
Time: Thu Sep 28 10:56:32 2023 Paris, Madrid (heure duild 19041 (10.0.19041.3031) elapsed time: 0.006899 seconds (0d 0h 0m 0s)

---------------  T H R E A D  ---------------

Current thread (0x000002040a37ea30):  JavaThread "Unknown thread" [_thread_in_vm, id=25412, stack(0x000000d634b00000,0x000000d634c00000)]

Stack: [0x000000d634b00000,0x000000d634c00000]
Native frames: (J=compiled Java code, j=interpreted, Vv=VM code, C=native code)
V  [jvm.dll+0x672eea]
V  [jvm.dll+0x7d2a04]
V  [jvm.dll+0x7d41ae]
V  [jvm.dll+0x7d4813]
V  [jvm.dll+0x242c15]
V  [jvm.dll+0x66fe09]
V  [jvm.dll+0x664682]
V  [jvm.dll+0x300e8b]
V  [jvm.dll+0x308426]
V  [jvm.dll+0x357ffe]
V  [jvm.dll+0x35822f]
V  [jvm.dll+0x2d80a8]
V  [jvm.dll+0x2d9014]
V  [jvm.dll+0x7a44e1]
V  [jvm.dll+0x365df1]
V  [jvm.dll+0x7838fc]
V  [jvm.dll+0x3e873f]
V  [jvm.dll+0x3ea1e1]
C  [jli.dll+0x527b]
C  [ucrtbase.dll+0x21bb2]
C  [KERNEL32.DLL+0x17614]
C  [ntdll.dll+0x526f1]


---------------  P R O C E S S  ---------------

Threads class SMR info:
_java_thread_list=0x00007ffdadcba8d8, length=0, elements={
}

Java Threads: ( => current thread )

Other Threads:
  0x000002040a4bacc0 GCTaskThread "GC Thread#0" [stack: 0x000000d634c00000,0x000000d634d00000] [id=25780]
  0x000002040a4cb940 ConcurrentGCThread "G1 Main Marker" [stack: 0x000000d634d00000,0x000000d634e00000] [id=18720]
  0x000002040a4ccaf0 ConcurrentGCThread "G1 Conc#0" [stack: 0x000000d634e00000,0x000000d634f00000] [id=23668]

[error occurred during error reporting (printing all threads), id 0xc0000005, EXCEPTION_ACCESS_VIOLATION (0xc0000005) at pc=0x00007ffdad508a97]

VM state: not at safepoint (not fully initialized)

VM Mutex/Monitor currently owned by a thread:  ([mutex/lock_event])
[0x000002040a37d640] Heap_lock - owner thread: 0x000002040a37ea30

Heap address: 0x0000000605800000, size: 8104 MB, Compressed Oops mode: Zero based, Oop shift amount: 3

CDS archive(s) mapped at: [0x0000000000000000-0x0000000000000000-0x0000000000000000), size 0, SharedBaseAddress: 0x0000000800000000, ArchiveRelocationMode: 0.
Narrow klass base: 0x0000000000000000, Narrow klass shift: 0, Narrow klass range: 0x0

GC Precious Log:
<Empty>

Heap:
 garbage-first heap   total 0K, used 0K [0x0000000605800000, 0x0000000800000000)
  region size 4096K, 0 young (0K), 0 survivors (0K)

[error occurred during error reporting (printing heap information), id 0xc0000005, EXCEPTION_ACCESS_VIOLATION (0xc0000005) at pc=0x00007ffdad8ec399]

GC Heap History (0 events):
No events

Deoptimization events (0 events):
No events

Classes unloaded (0 events):
No events

Classes redefined (0 events):
No events

Internal exceptions (0 events):
No events

VM Operations (0 events):
No events

Events (1 events):
Event: 0.004 Loaded shared library C:\Program Files\Java\jdk-17.0.5\bin\java.dll


Dynamic libraries:
0x00007ff730860000 - 0x00007ff730870000 	C:\Program Files\Java\jdk-17.0.5\bin\java.exe
0x00007ffe65db0000 - 0x00007ffe65fa8000 	C:\WINDOWS\SYSTEM32\ntdll.dll
0x00007ffe63ea0000 - 0x00007ffe63f5f000 	C:\WINDOWS\System32\KERNEL32.DLL
0x00007ffe63ae0000 - 0x00007ffe63dd6000 	C:\WINDOWS\System32\KERNELBASE.dll
0x00007ffe63540000 - 0x00007ffe63640000 	C:\WINDOWS\System32\ucrtbase.dll
0x00007ffe50240000 - 0x00007ffe5025a000 	C:\Program Files\Java\jdk-17.0.5\bin\VCRUNTIME140.dll
0x00007ffe502d0000 - 0x00007ffe502e8000 	C:\Program Files\Java\jdk-17.0.5\bin\jli.dll
0x00007ffe643c0000 - 0x00007ffe6446f000 	C:\WINDOWS\System32\ADVAPI32.dll
0x00007ffe65a90000 - 0x00007ffe65b2e000 	C:\WINDOWS\System32\msvcrt.dll
0x00007ffe65780000 - 0x00007ffe6581c000 	C:\WINDOWS\System32\sechost.dll
0x00007ffe64100000 - 0x00007ffe64226000 	C:\WINDOWS\System32\RPCRT4.dll
0x00007ffe63f60000 - 0x00007ffe640fd000 	C:\WINDOWS\System32\USER32.dll
0x00007ffe63de0000 - 0x00007ffe63e02000 	C:\WINDOWS\System32\win32u.dll
0x00007ffe462d0000 - 0x00007ffe4656a000 	C:\WINDOWS\WinSxS\amd64_microsoft.windows.common-controls_6595b64144ccf1df_6.0.19041.1110_none_60b5254171f9507e\COMCTL32.dll
0x00007ffe65b30000 - 0x00007ffe65b5c000 	C:\WINDOWS\System32\GDI32.dll
0x00007ffe63640000 - 0x00007ffe63755000 	C:\WINDOWS\System32\gdi32full.dll
0x00007ffe63960000 - 0x00007ffe639fd000 	C:\WINDOWS\System32\msvcp_win.dll
0x00007ffe5d470000 - 0x00007ffe5d47a000 	C:\WINDOWS\SYSTEM32\VERSION.dll
0x00007ffe65750000 - 0x00007ffe65780000 	C:\WINDOWS\System32\IMM32.DLL
0x00007ffe58400000 - 0x00007ffe5840c000 	C:\Program Files\Java\jdk-17.0.5\bin\vcruntime140_1.dll
0x00007ffe23700000 - 0x00007ffe2378d000 	C:\Program Files\Java\jdk-17.0.5\bin\msvcp140.dll
0x00007ffdad220000 - 0x00007ffdadde2000 	C:\Program Files\Java\jdk-17.0.5\bin\server\jvm.dll
0x00007ffe65c40000 - 0x00007ffe65c48000 	C:\WINDOWS\System32\PSAPI.DLL
0x00007ffe48750000 - 0x00007ffe48777000 	C:\WINDOWS\SYSTEM32\WINMM.dll
0x00007ffe4ae80000 - 0x00007ffe4ae89000 	C:\WINDOWS\SYSTEM32\WSOCK32.dll
0x00007ffe65660000 - 0x00007ffe656cb000 	C:\WINDOWS\System32\WS2_32.dll
0x00007ffe61c90000 - 0x00007ffe61ca2000 	C:\WINDOWS\SYSTEM32\kernel.appcore.dll
0x00007ffe5b530000 - 0x00007ffe5b53a000 	C:\Program Files\Java\jdk-17.0.5\bin\jimage.dll
0x00007ffe5d740000 - 0x00007ffe5d924000 	C:\WINDOWS\SYSTEM32\DBGHELP.DLL
0x00007ffe4e6f0000 - 0x00007ffe4e724000 	C:\WINDOWS\SYSTEM32\dbgcore.DLL
0x00007ffe63a50000 - 0x00007ffe63ad2000 	C:\WINDOWS\System32\bcryptPrimitives.dll
0x00007ffe5b4b0000 - 0x00007ffe5b4d5000 	C:\Program Files\Java\jdk-17.0.5\bin\java.dll

dbghelp: loaded successfully - version: 4.0.5 - missing functions: none
symbol engine: initialized successfully - sym options: 0x614 - pdb path: .;C:\Program Files\Java\jdk-17.0.5\bin;C:\WINDOWS\SYSTEM32;C:\WINDOWS\WinSxS\amd64_microsoft.windows.common-controls_6595b64144ccf1df_6.0.19041.1110_none_60b5254171f9507e;C:\Program Files\Java\jdk-17.0.5\bin\server

VM Arguments:
jvm_args: -Dnet.bytebuddy.agent.attacher.dump= 
java_command: net.bytebuddy.agent.Attacher com.sun.tools.attach.VirtualMachine 26896 C:\Users\Admin stagiaire.DESKTOP-8967908\.m2\repository\net\bytebuddy\byte-buddy-agent\1.14.8\byte-buddy-agent-1.14.8.jar false 
java_class_path (initial): C:\Users\Admin stagiaire.DESKTOP-8967908\.m2\repository\net\bytebuddy\byte-buddy-agent\1.14.8\byte-buddy-agent-1.14.8.jar
Launcher Type: SUN_STANDARD

[Global flags]
     intx CICompilerCount                          = 4                                         {product} {ergonomic}
     uint ConcGCThreads                            = 3                                         {product} {ergonomic}
     uint G1ConcRefinementThreads                  = 10                                        {product} {ergonomic}
   size_t G1HeapRegionSize                         = 4194304                                   {product} {ergonomic}
    uintx GCDrainStackTargetSize                   = 64                                        {product} {ergonomic}
   size_t InitialHeapSize                          = 532676608                                 {product} {ergonomic}
   size_t MarkStackSize                            = 4194304                                   {product} {ergonomic}
   size_t MaxHeapSize                              = 8497659904                                {product} {ergonomic}
   size_t MinHeapDeltaBytes                        = 4194304                                   {product} {ergonomic}
   size_t MinHeapSize                              = 8388608                                   {product} {ergonomic}
    uintx NonNMethodCodeHeapSize                   = 5839372                                {pd product} {ergonomic}
    uintx NonProfiledCodeHeapSize                  = 122909434                              {pd product} {ergonomic}
    uintx ProfiledCodeHeapSize                     = 122909434                              {pd product} {ergonomic}
    uintx ReservedCodeCacheSize                    = 251658240                              {pd product} {ergonomic}
     bool SegmentedCodeCache                       = true                                      {product} {ergonomic}
   size_t SoftMaxHeapSize                          = 8497659904                             {manageable} {ergonomic}
     bool UseCompressedClassPointers               = true                           {product lp64_product} {ergonomic}
     bool UseCompressedOops                        = true                           {product lp64_product} {ergonomic}
     bool UseG1GC                                  = true                                      {product} {ergonomic}
     bool UseLargePagesIndividualAllocation        = false                                  {pd product} {ergonomic}

Logging:
Log output configuration:
 #0: stdout all=warning uptime,level,tags
 #1: stderr all=off uptime,level,tags

Environment Variables:
JAVA_HOME=C:\Program Files\Java\jdk-17.0.5
CLASSPATH=.;
PATH=C:\Program Files\Java\jdk-17.0.5\bin;C:\Program Files\Java\jdk1.8.0_301\bin;C:\Program Files\Common Files\Oracle\Java\javapath;C:\Program Files (x86)\Common Files\Oracle\Java\javapath;C:\Windows\system32;C:\Windows;C:\Windows\System32\Wbem;C:\Windows\System32\WindowsPowerShell\v1.0\;C:\Windows\System32\OpenSSH\;C:\ProgramData\chocolatey\bin;C:\Users\Admin\AppData\Local\Microsoft\WindowsApps;C:\Program Files (x86)\InnoSetup6;C:\Program Files\Git\bin;C:\Program Files\Oracle\VirtualBox;C:\WINDOWS\system32;C:\WINDOWS;C:\WINDOWS\System32\Wbem;C:\WINDOWS\System32\WindowsPowerShell\v1.0\;C:\WINDOWS\System32\OpenSSH\;C:\Program Files\Microsoft SQL Server\130\Tools\Binn\;C:\Program Files\Microsoft SQL Server\Client SDK\ODBC\170\Tools\Binn\;C:\Program Files (x86)\Microsoft SQL Server\150\Tools\Binn\;C:\Program Files\Microsoft SQL Server\150\Tools\Binn\;C:\Program Files\Microsoft SQL Server\150\DTS\Binn\;C:\Program Files (x86)\Microsoft SQL Server\150\DTS\Binn\;C:\Program Files\Azure Data Studio\bin;C:\Program Files\dotnet\;C:\Program Files (x86)\InnoSetup6;C:\Program Files (x86)\NVIDIA Corporation\PhysX\Common;C:\Program Files\nodejs\;C:\Program Files\Apache Software Foundation\maven\apache-maven-3.9.4\bin;C:\Program Files\Docker\Docker\resources\bin;C:\Users\Admin stagiaire.DESKTOP-8967908\AppData\Local\Microsoft\WindowsApps;C:\Users\Admin stagiaire.DESKTOP-8967908\AppData\Local\Programs\Microsoft VS Code\bin;C:\Program Files\Azure Data Studio\bin;C:\Users\Admin stagiaire.DESKTOP-8967908\.dotnet\tools;C:\Users\Admin stagiaire.DESKTOP-8967908\AppData\Roaming\npm
USERNAME=Admin stagiaire
OS=Windows_NT
PROCESSOR_IDENTIFIER=Intel64 Family 6 Model 165 Stepping 2, GenuineIntel



---------------  S Y S T E M  ---------------

OS:
 Windows 10 , 64 bit Build 19041 (10.0.19041.3031)
OS uptime: 2 days 13:39 hours
Hyper-V role detected

CPU: total 12 (initial active 12) (6 cores per cpu, 2 threads per core) family 6 model 165 stepping 2 microcode 0xea, cx8, cmov, fxsr, ht, mmx, 3dnowpref, sse, sse2, sse3, ssse3, sse4.1, sse4.2, popcnt, lzcnt, tsc, tscinvbit, avx, avx2, aes, erms, clmul, bmi1, bmi2, adx, fma, vzeroupper, clflush, clflushopt, hv

Memory: 4k page, system-wide physical 32401M (10749M free)
TotalPageFile size 40497M (AvailPageFile size 473M)
current process WorkingSet (physical memory assigned to process): 10M, peak: 10M
current process commit charge ("private bytes"): 64M, peak: 572M

vm_info: Java HotSpot(TM) 64-Bit Server VM (17.0.5+9-LTS-191) for windows-amd64 JRE (17.0.5+9-LTS-191), built on Sep 13 2022 17:31:43 by "mach5one" with MS VC++ 16.8 / 16.9 (VS2019)

END.
